0 info it worked if it ends with ok
1 verbose cli [ 'node', '/usr/local/bin/npm', 'install', 'execSunc' ]
2 info using npm@1.4.28
3 info using node@v0.10.38
4 warn package.json npmlist@0.1.0 No description
5 warn package.json npmlist@0.1.0 No README data
6 verbose readDependencies using package.json deps
7 verbose cache add [ 'execSunc', null ]
8 verbose cache add name=undefined spec="execSunc" args=["execSunc",null]
9 verbose parsed url { protocol: null,
9 verbose parsed url   slashes: null,
9 verbose parsed url   auth: null,
9 verbose parsed url   host: null,
9 verbose parsed url   port: null,
9 verbose parsed url   hostname: null,
9 verbose parsed url   hash: null,
9 verbose parsed url   search: null,
9 verbose parsed url   query: null,
9 verbose parsed url   pathname: 'execSunc',
9 verbose parsed url   path: 'execSunc',
9 verbose parsed url   href: 'execSunc' }
10 silly lockFile d4d4adad-execSunc execSunc
11 verbose lock execSunc /Users/Zakariyya/.npm/d4d4adad-execSunc.lock
12 silly lockFile d4d4adad-execSunc execSunc
13 silly lockFile d4d4adad-execSunc execSunc
14 verbose addNamed [ 'execSunc', '' ]
15 verbose addNamed [ null, '*' ]
16 silly lockFile 2f4d9371-execSunc execSunc@
17 verbose lock execSunc@ /Users/Zakariyya/.npm/2f4d9371-execSunc.lock
18 silly addNameRange { name: 'execSunc', range: '*', hasData: false }
19 verbose request where is /execSunc
20 verbose request registry https://registry.npmjs.org/
21 verbose request id 1cb8e596eeddbea9
22 verbose url raw /execSunc
23 verbose url resolving [ 'https://registry.npmjs.org/', './execSunc' ]
24 verbose url resolved https://registry.npmjs.org/execSunc
25 verbose request where is https://registry.npmjs.org/execSunc
26 info trying registry request attempt 1 at 12:55:32
27 http GET https://registry.npmjs.org/execSunc
28 http 404 https://registry.npmjs.org/execSunc
29 silly registry.get cb [ 404,
29 silly registry.get   { 'content-type': 'application/json',
29 silly registry.get     'cache-control': 'max-age=0',
29 silly registry.get     'content-length': '2',
29 silly registry.get     'accept-ranges': 'bytes',
29 silly registry.get     date: 'Wed, 23 Sep 2015 19:55:33 GMT',
29 silly registry.get     via: '1.1 varnish',
29 silly registry.get     age: '0',
29 silly registry.get     connection: 'keep-alive',
29 silly registry.get     'x-served-by': 'cache-sjc3131-SJC',
29 silly registry.get     'x-cache': 'MISS',
29 silly registry.get     'x-cache-hits': '0',
29 silly registry.get     'x-timer': 'S1443038132.967229,VS0,VE92' } ]
30 silly lockFile 2f4d9371-execSunc execSunc@
31 silly lockFile 2f4d9371-execSunc execSunc@
32 error 404 Not Found
32 error 404
32 error 404 'execSunc' is not in the npm registry.
32 error 404 You should bug the author to publish it
32 error 404 It was specified as a dependency of 'npmlist'
32 error 404
32 error 404 Note that you can also install from a
32 error 404 tarball, folder, or http url, or git url.
33 error System Darwin 14.5.0
34 error command "node" "/usr/local/bin/npm" "install" "execSunc"
35 error cwd /Users/Zakariyya/Apps/npmlist
36 error node -v v0.10.38
37 error npm -v 1.4.28
38 error code E404
39 verbose exit [ 1, true ]
